Using pre-set license
Built from '2020.3/staging' branch; Version is '2020.3.11f1 (99c7afb366b3) revision 10078127'; Using compiler version '192528614'; Build Type 'Release'
OS: 'Windows 10 Education; OS build 19042.1110; Version 2009; 64bit' Language: 'en' Physical Memory: 32712 MB
BatchMode: 1, IsHumanControllingUs: 0, StartBugReporterOnCrash: 0, Is64bit: 1, IsPro: 0

 COMMAND LINE ARGUMENTS:
C:\Users\ealexrose\Documents\Unity\2020.3.11f1\Editor\Unity.exe
-adb2
-batchMode
-noUpm
-name
AssetImportWorker0
-projectPath
C:/Users/ealexrose/Documents/Game Dev/Proejct Repos/HowDeepDoesThisGo
-logFile
Logs/AssetImportWorker0.log
-srvPort
51708
Successfully changed project path to: C:/Users/ealexrose/Documents/Game Dev/Proejct Repos/HowDeepDoesThisGo
C:/Users/ealexrose/Documents/Game Dev/Proejct Repos/HowDeepDoesThisGo
Using Asset Import Pipeline V2.
Refreshing native plugins compatible for Editor in 54.73 ms, found 3 plugins.
Preloading 0 native plugins for Editor in 0.00 ms.
Initialize engine version: 2020.3.11f1 (99c7afb366b3)
[Subsystems] Discovering subsystems at path C:/Users/ealexrose/Documents/Unity/2020.3.11f1/Editor/Data/Resources/UnitySubsystems
[Subsystems] Discovering subsystems at path C:/Users/ealexrose/Documents/Game Dev/Proejct Repos/HowDeepDoesThisGo/Assets
GfxDevice: creating device client; threaded=0
Direct3D:
    Version:  Direct3D 11.0 [level 11.1]
    Renderer: NVIDIA GeForce GTX 1660 SUPER (ID=0x21c4)
    Vendor:   
    VRAM:     5991 MB
    Driver:   27.21.14.5730
Shader 'Universal Render Pipeline/Particles/Lit': fallback shader 'Universal Render Pipeline/Particles/SimpleLit' not found
Initialize mono
Mono path[0] = 'C:/Users/ealexrose/Documents/Unity/2020.3.11f1/Editor/Data/Managed'
Mono path[1] = 'C:/Users/ealexrose/Documents/Unity/2020.3.11f1/Editor/Data/MonoBleedingEdge/lib/mono/unityjit'
Mono config path = 'C:/Users/ealexrose/Documents/Unity/2020.3.11f1/Editor/Data/MonoBleedingEdge/etc'
Using monoOptions --debugger-agent=transport=dt_socket,embedding=1,server=y,suspend=n,address=127.0.0.1:56420
Begin MonoManager ReloadAssembly
Registering precompiled unity dll's ...
Register platform support module: C:/Users/ealexrose/Documents/Unity/2020.3.11f1/Editor/Data/PlaybackEngines/WindowsStandaloneSupport/UnityEditor.WindowsStandalone.Extensions.dll
Registered in 0.001943 seconds.
Native extension for WindowsStandalone target not found
Refreshing native plugins compatible for Editor in 55.38 ms, found 3 plugins.
Preloading 0 native plugins for Editor in 0.00 ms.
Mono: successfully reloaded assembly
- Completed reload, in  0.975 seconds
Platform modules already initialized, skipping
Registering precompiled user dll's ...
Registered in 0.004512 seconds.
Begin MonoManager ReloadAssembly
Native extension for WindowsStandalone target not found
Refreshing native plugins compatible for Editor in 54.46 ms, found 3 plugins.
Preloading 0 native plugins for Editor in 0.00 ms.
Mono: successfully reloaded assembly
- Completed reload, in  0.989 seconds
Platform modules already initialized, skipping
========================================================================
Worker process is ready to serve import requests
Shader 'Universal Render Pipeline/Particles/Lit': fallback shader 'Universal Render Pipeline/Particles/SimpleLit' not found
Launched and connected shader compiler UnityShaderCompiler.exe after 0.04 seconds
Refreshing native plugins compatible for Editor in 0.59 ms, found 3 plugins.
Preloading 0 native plugins for Editor in 0.00 ms.
Unloading 3265 Unused Serialized files (Serialized files now loaded: 0)
System memory in use before: 143.7 MB.
System memory in use after: 143.9 MB.

Unloading 28 unused Assets to reduce memory usage. Loaded Objects now: 3705.
Total: 2.430600 ms (FindLiveObjects: 0.306400 ms CreateObjectMapping: 0.075100 ms MarkObjects: 2.017800 ms  DeleteObjects: 0.030200 ms)

========================================================================
Received Import Request.
  path: Assets/Prefabs/DataNode.prefab
  artifactKey: Guid(4b687dd228e90254eb49338009bfcb68) Importer(815301076,1909f56bfc062723c751e8b465ee728b)
Start importing Assets/Prefabs/DataNode.prefab using Guid(4b687dd228e90254eb49338009bfcb68) Importer(815301076,1909f56bfc062723c751e8b465ee728b)  -> (artifact id: 'b91abd90afb3f6d7dec750a783889b9d') in 0.319268 seconds
  Import took 0.325141 seconds .

========================================================================
Received Prepare
Registering precompiled user dll's ...
Registered in 0.004159 seconds.
Begin MonoManager ReloadAssembly
Native extension for WindowsStandalone target not found
Refreshing native plugins compatible for Editor in 0.61 ms, found 3 plugins.
Preloading 0 native plugins for Editor in 0.00 ms.
Mono: successfully reloaded assembly
- Completed reload, in  0.941 seconds
Platform modules already initialized, skipping
Shader 'Universal Render Pipeline/Particles/Lit': fallback shader 'Universal Render Pipeline/Particles/SimpleLit' not found
Refreshing native plugins compatible for Editor in 0.60 ms, found 3 plugins.
Preloading 0 native plugins for Editor in 0.00 ms.
Unloading 3136 Unused Serialized files (Serialized files now loaded: 0)
System memory in use before: 139.9 MB.
System memory in use after: 140.2 MB.

Unloading 18 unused Assets to reduce memory usage. Loaded Objects now: 3753.
Total: 2.269100 ms (FindLiveObjects: 0.293500 ms CreateObjectMapping: 0.076200 ms MarkObjects: 1.882200 ms  DeleteObjects: 0.016300 ms)

========================================================================
Received Import Request.
  Time since last request: 27.925257 seconds.
  path: Assets/Prefabs/DataNode.prefab
  artifactKey: Guid(4b687dd228e90254eb49338009bfcb68) Importer(815301076,1909f56bfc062723c751e8b465ee728b)
Start importing Assets/Prefabs/DataNode.prefab using Guid(4b687dd228e90254eb49338009bfcb68) Importer(815301076,1909f56bfc062723c751e8b465ee728b)  -> (artifact id: 'e07e2c8c5d44cda91fe4513aea6bfa5f') in 0.245873 seconds
  Import took 0.251698 seconds .

========================================================================
Received Prepare
Registering precompiled user dll's ...
Registered in 0.004354 seconds.
Begin MonoManager ReloadAssembly
Native extension for WindowsStandalone target not found
Refreshing native plugins compatible for Editor in 0.95 ms, found 3 plugins.
Preloading 0 native plugins for Editor in 0.00 ms.
Mono: successfully reloaded assembly
- Completed reload, in  0.928 seconds
Platform modules already initialized, skipping
Shader 'Universal Render Pipeline/Particles/Lit': fallback shader 'Universal Render Pipeline/Particles/SimpleLit' not found
Refreshing native plugins compatible for Editor in 0.62 ms, found 3 plugins.
Preloading 0 native plugins for Editor in 0.00 ms.
Unloading 3136 Unused Serialized files (Serialized files now loaded: 0)
System memory in use before: 140.1 MB.
System memory in use after: 140.3 MB.

Unloading 18 unused Assets to reduce memory usage. Loaded Objects now: 3792.
Total: 2.443000 ms (FindLiveObjects: 0.300400 ms CreateObjectMapping: 0.071800 ms MarkObjects: 2.052300 ms  DeleteObjects: 0.017700 ms)

========================================================================
Received Prepare
Registering precompiled user dll's ...
Registered in 0.004333 seconds.
Begin MonoManager ReloadAssembly
Native extension for WindowsStandalone target not found
Refreshing native plugins compatible for Editor in 0.59 ms, found 3 plugins.
Preloading 0 native plugins for Editor in 0.00 ms.
Mono: successfully reloaded assembly
- Completed reload, in  0.919 seconds
Platform modules already initialized, skipping
Shader 'Universal Render Pipeline/Particles/Lit': fallback shader 'Universal Render Pipeline/Particles/SimpleLit' not found
Refreshing native plugins compatible for Editor in 0.62 ms, found 3 plugins.
Preloading 0 native plugins for Editor in 0.00 ms.
Unloading 3136 Unused Serialized files (Serialized files now loaded: 0)
System memory in use before: 140.1 MB.
System memory in use after: 140.4 MB.

Unloading 18 unused Assets to reduce memory usage. Loaded Objects now: 3795.
Total: 2.331700 ms (FindLiveObjects: 0.280800 ms CreateObjectMapping: 0.070300 ms MarkObjects: 1.963200 ms  DeleteObjects: 0.016100 ms)

========================================================================
Received Prepare
Registering precompiled user dll's ...
Registered in 0.004235 seconds.
Begin MonoManager ReloadAssembly
Native extension for WindowsStandalone target not found
Refreshing native plugins compatible for Editor in 0.60 ms, found 3 plugins.
Preloading 0 native plugins for Editor in 0.00 ms.
Mono: successfully reloaded assembly
- Completed reload, in  0.918 seconds
Platform modules already initialized, skipping
Shader 'Universal Render Pipeline/Particles/Lit': fallback shader 'Universal Render Pipeline/Particles/SimpleLit' not found
Refreshing native plugins compatible for Editor in 0.64 ms, found 3 plugins.
Preloading 0 native plugins for Editor in 0.00 ms.
Unloading 3136 Unused Serialized files (Serialized files now loaded: 0)
System memory in use before: 140.1 MB.
System memory in use after: 140.4 MB.

Unloading 18 unused Assets to reduce memory usage. Loaded Objects now: 3798.
Total: 2.240600 ms (FindLiveObjects: 0.287900 ms CreateObjectMapping: 0.071200 ms MarkObjects: 1.865400 ms  DeleteObjects: 0.015100 ms)

========================================================================
Received Import Request.
  Time since last request: 168.271135 seconds.
  path: Assets/Prefabs/DataNode.prefab
  artifactKey: Guid(4b687dd228e90254eb49338009bfcb68) Importer(815301076,1909f56bfc062723c751e8b465ee728b)
Start importing Assets/Prefabs/DataNode.prefab using Guid(4b687dd228e90254eb49338009bfcb68) Importer(815301076,1909f56bfc062723c751e8b465ee728b)  -> (artifact id: '917bb2a5bce01230268e33dcd795cb30') in 0.175419 seconds
  Import took 0.181767 seconds .

========================================================================
Received Prepare
Registering precompiled user dll's ...
Registered in 0.004299 seconds.
Begin MonoManager ReloadAssembly
Native extension for WindowsStandalone target not found
Refreshing native plugins compatible for Editor in 0.59 ms, found 3 plugins.
Preloading 0 native plugins for Editor in 0.00 ms.
Mono: successfully reloaded assembly
- Completed reload, in  0.924 seconds
Platform modules already initialized, skipping
Shader 'Universal Render Pipeline/Particles/Lit': fallback shader 'Universal Render Pipeline/Particles/SimpleLit' not found
Refreshing native plugins compatible for Editor in 0.61 ms, found 3 plugins.
Preloading 0 native plugins for Editor in 0.00 ms.
Unloading 3136 Unused Serialized files (Serialized files now loaded: 0)
System memory in use before: 140.3 MB.
System memory in use after: 140.5 MB.

Unloading 18 unused Assets to reduce memory usage. Loaded Objects now: 3837.
Total: 2.296600 ms (FindLiveObjects: 0.297800 ms CreateObjectMapping: 0.073700 ms MarkObjects: 1.909200 ms  DeleteObjects: 0.015100 ms)

========================================================================
Received Import Request.
  Time since last request: 76.911102 seconds.
  path: Assets/String.mat
  artifactKey: Guid(68afc704206343f4ab14317994705236) Importer(815301076,1909f56bfc062723c751e8b465ee728b)
Start importing Assets/String.mat using Guid(68afc704206343f4ab14317994705236) Importer(815301076,1909f56bfc062723c751e8b465ee728b)  -> (artifact id: 'ee889a5e66e2517b365348a315c45352') in 0.133455 seconds
  Import took 0.138263 seconds .

========================================================================
Received Import Request.
  Time since last request: 5.761411 seconds.
  path: Assets/Materials
  artifactKey: Guid(6a08c30229e00034e8976025fbfbe120) Importer(815301076,1909f56bfc062723c751e8b465ee728b)
Start importing Assets/Materials using Guid(6a08c30229e00034e8976025fbfbe120) Importer(815301076,1909f56bfc062723c751e8b465ee728b)  -> (artifact id: '4d73b9dc2ad6ea0d6101e66cb285266c') in 0.005685 seconds
  Import took 0.010325 seconds .

========================================================================
Received Import Request.
  Time since last request: 22.962247 seconds.
  path: Assets/Sprites/GoodSprites/Tickets
  artifactKey: Guid(3cd6c0957f6d0454fac48966e24b0a4d) Importer(815301076,1909f56bfc062723c751e8b465ee728b)
Start importing Assets/Sprites/GoodSprites/Tickets using Guid(3cd6c0957f6d0454fac48966e24b0a4d) Importer(815301076,1909f56bfc062723c751e8b465ee728b)  -> (artifact id: 'cfe244e018222c046cffb8c9ef12fb23') in 0.005856 seconds
  Import took 0.010214 seconds .

========================================================================
Received Import Request.
  Time since last request: 58.543650 seconds.
  path: Assets/Materials/String.mat
  artifactKey: Guid(68afc704206343f4ab14317994705236) Importer(815301076,1909f56bfc062723c751e8b465ee728b)
Start importing Assets/Materials/String.mat using Guid(68afc704206343f4ab14317994705236) Importer(815301076,1909f56bfc062723c751e8b465ee728b)  -> (artifact id: '5a4dd94af36ee4a89dc10f56653ee3fb') in 0.019414 seconds
  Import took 0.024187 seconds .

========================================================================
Received Prepare
Registering precompiled user dll's ...
Registered in 0.004924 seconds.
Begin MonoManager ReloadAssembly
Native extension for WindowsStandalone target not found
Refreshing native plugins compatible for Editor in 0.60 ms, found 3 plugins.
Preloading 0 native plugins for Editor in 0.00 ms.
Mono: successfully reloaded assembly
- Completed reload, in  0.954 seconds
Platform modules already initialized, skipping
Shader 'Universal Render Pipeline/Particles/Lit': fallback shader 'Universal Render Pipeline/Particles/SimpleLit' not found
Refreshing native plugins compatible for Editor in 0.61 ms, found 3 plugins.
Preloading 0 native plugins for Editor in 0.00 ms.
Unloading 3136 Unused Serialized files (Serialized files now loaded: 0)
System memory in use before: 140.7 MB.
System memory in use after: 141.0 MB.

Unloading 18 unused Assets to reduce memory usage. Loaded Objects now: 3909.
Total: 2.770500 ms (FindLiveObjects: 0.477500 ms CreateObjectMapping: 0.113400 ms MarkObjects: 2.160800 ms  DeleteObjects: 0.017200 ms)

========================================================================
Received Prepare
Registering precompiled user dll's ...
Registered in 0.004550 seconds.
Begin MonoManager ReloadAssembly
Native extension for WindowsStandalone target not found
Refreshing native plugins compatible for Editor in 0.73 ms, found 3 plugins.
Preloading 0 native plugins for Editor in 0.00 ms.
Mono: successfully reloaded assembly
- Completed reload, in  0.911 seconds
Platform modules already initialized, skipping
Shader 'Universal Render Pipeline/Particles/Lit': fallback shader 'Universal Render Pipeline/Particles/SimpleLit' not found
Refreshing native plugins compatible for Editor in 0.60 ms, found 3 plugins.
Preloading 0 native plugins for Editor in 0.00 ms.
Unloading 3136 Unused Serialized files (Serialized files now loaded: 0)
System memory in use before: 140.7 MB.
System memory in use after: 141.0 MB.

Unloading 18 unused Assets to reduce memory usage. Loaded Objects now: 3912.
Total: 2.890300 ms (FindLiveObjects: 0.326000 ms CreateObjectMapping: 0.074400 ms MarkObjects: 2.469100 ms  DeleteObjects: 0.019600 ms)

========================================================================
Received Prepare
Registering precompiled user dll's ...
Registered in 0.004242 seconds.
Begin MonoManager ReloadAssembly
Native extension for WindowsStandalone target not found
Refreshing native plugins compatible for Editor in 0.69 ms, found 3 plugins.
Preloading 0 native plugins for Editor in 0.00 ms.
Mono: successfully reloaded assembly
- Completed reload, in  0.923 seconds
Platform modules already initialized, skipping
Shader 'Universal Render Pipeline/Particles/Lit': fallback shader 'Universal Render Pipeline/Particles/SimpleLit' not found
Refreshing native plugins compatible for Editor in 0.61 ms, found 3 plugins.
Preloading 0 native plugins for Editor in 0.00 ms.
Unloading 3136 Unused Serialized files (Serialized files now loaded: 0)
System memory in use before: 140.7 MB.
System memory in use after: 141.0 MB.

Unloading 18 unused Assets to reduce memory usage. Loaded Objects now: 3915.
Total: 2.593200 ms (FindLiveObjects: 0.305200 ms CreateObjectMapping: 0.072200 ms MarkObjects: 2.192500 ms  DeleteObjects: 0.022200 ms)

========================================================================
Received Import Request.
  Time since last request: 146.816321 seconds.
  path: Assets/Prefabs/DataNode.prefab
  artifactKey: Guid(4b687dd228e90254eb49338009bfcb68) Importer(815301076,1909f56bfc062723c751e8b465ee728b)
Start importing Assets/Prefabs/DataNode.prefab using Guid(4b687dd228e90254eb49338009bfcb68) Importer(815301076,1909f56bfc062723c751e8b465ee728b)  -> (artifact id: '54a6c80820e2ccdeeecfcb330731b40f') in 0.173021 seconds
  Import took 0.179848 seconds .

========================================================================
Received Prepare
Registering precompiled user dll's ...
Registered in 0.004279 seconds.
Begin MonoManager ReloadAssembly
Native extension for WindowsStandalone target not found
Refreshing native plugins compatible for Editor in 0.70 ms, found 3 plugins.
Preloading 0 native plugins for Editor in 0.00 ms.
Mono: successfully reloaded assembly
- Completed reload, in  0.928 seconds
Platform modules already initialized, skipping
Shader 'Universal Render Pipeline/Particles/Lit': fallback shader 'Universal Render Pipeline/Particles/SimpleLit' not found
Refreshing native plugins compatible for Editor in 0.61 ms, found 3 plugins.
Preloading 0 native plugins for Editor in 0.00 ms.
Unloading 3136 Unused Serialized files (Serialized files now loaded: 0)
System memory in use before: 140.8 MB.
System memory in use after: 141.1 MB.

Unloading 18 unused Assets to reduce memory usage. Loaded Objects now: 3954.
Total: 2.677500 ms (FindLiveObjects: 0.307000 ms CreateObjectMapping: 0.075100 ms MarkObjects: 2.275600 ms  DeleteObjects: 0.018800 ms)

========================================================================
Received Import Request.
  Time since last request: 190.872337 seconds.
  path: Assets/Sprites/GoodSprites/UI/Rope.png
  artifactKey: Guid(082790e5776cfb4469f3c199d54fd94c) Importer(815301076,1909f56bfc062723c751e8b465ee728b)
Start importing Assets/Sprites/GoodSprites/UI/Rope.png using Guid(082790e5776cfb4469f3c199d54fd94c) Importer(815301076,1909f56bfc062723c751e8b465ee728b)  -> (artifact id: '37d41300f31d07441fba546eba689ee6') in 0.074378 seconds
  Import took 0.079068 seconds .

========================================================================
Received Import Request.
  Time since last request: 173.702174 seconds.
  path: Assets/Sprites/GoodSprites/UI/Rope.png
  artifactKey: Guid(082790e5776cfb4469f3c199d54fd94c) Importer(815301076,1909f56bfc062723c751e8b465ee728b)
Start importing Assets/Sprites/GoodSprites/UI/Rope.png using Guid(082790e5776cfb4469f3c199d54fd94c) Importer(815301076,1909f56bfc062723c751e8b465ee728b)  -> (artifact id: '716ed4e7e3bfb26a10df7dc0b2fcaa3b') in 0.008953 seconds
  Import took 0.013777 seconds .

========================================================================
Received Import Request.
  Time since last request: 54.282016 seconds.
  path: Assets/Materials/String.mat
  artifactKey: Guid(68afc704206343f4ab14317994705236) Importer(815301076,1909f56bfc062723c751e8b465ee728b)
Start importing Assets/Materials/String.mat using Guid(68afc704206343f4ab14317994705236) Importer(815301076,1909f56bfc062723c751e8b465ee728b)  -> (artifact id: '9010f2fa856dacb743a3d82fe0d6ccbf') in 0.101133 seconds
  Import took 0.105917 seconds .

========================================================================
Received Import Request.
  Time since last request: 72.596922 seconds.
  path: Assets/Prefabs/DataNode.prefab
  artifactKey: Guid(4b687dd228e90254eb49338009bfcb68) Importer(815301076,1909f56bfc062723c751e8b465ee728b)
Start importing Assets/Prefabs/DataNode.prefab using Guid(4b687dd228e90254eb49338009bfcb68) Importer(815301076,1909f56bfc062723c751e8b465ee728b)  -> (artifact id: '19e815965c83ed9d425788a74a89c83c') in 0.062855 seconds
  Import took 0.068820 seconds .

========================================================================
Received Prepare
Registering precompiled user dll's ...
Registered in 0.004696 seconds.
Begin MonoManager ReloadAssembly
Native extension for WindowsStandalone target not found
Refreshing native plugins compatible for Editor in 0.68 ms, found 3 plugins.
Preloading 0 native plugins for Editor in 0.00 ms.
Mono: successfully reloaded assembly
- Completed reload, in  0.988 seconds
Platform modules already initialized, skipping
Shader 'Universal Render Pipeline/Particles/Lit': fallback shader 'Universal Render Pipeline/Particles/SimpleLit' not found
Refreshing native plugins compatible for Editor in 0.63 ms, found 3 plugins.
Preloading 0 native plugins for Editor in 0.00 ms.
Unloading 3136 Unused Serialized files (Serialized files now loaded: 0)
System memory in use before: 141.0 MB.
System memory in use after: 141.2 MB.

Unloading 18 unused Assets to reduce memory usage. Loaded Objects now: 3996.
Total: 3.212100 ms (FindLiveObjects: 0.306200 ms CreateObjectMapping: 0.070900 ms MarkObjects: 2.807100 ms  DeleteObjects: 0.026600 ms)

========================================================================
Received Import Request.
  Time since last request: 10.892648 seconds.
  path: Assets/Prefabs/DataNode.prefab
  artifactKey: Guid(4b687dd228e90254eb49338009bfcb68) Importer(815301076,1909f56bfc062723c751e8b465ee728b)
Start importing Assets/Prefabs/DataNode.prefab using Guid(4b687dd228e90254eb49338009bfcb68) Importer(815301076,1909f56bfc062723c751e8b465ee728b)  -> (artifact id: 'd2dbdaa45d9e4754d9cd011186e7baa1') in 0.175641 seconds
  Import took 0.182990 seconds .

========================================================================
Received Prepare
Registering precompiled user dll's ...
Registered in 0.004453 seconds.
Begin MonoManager ReloadAssembly
Native extension for WindowsStandalone target not found
Refreshing native plugins compatible for Editor in 0.60 ms, found 3 plugins.
Preloading 0 native plugins for Editor in 0.00 ms.
Mono: successfully reloaded assembly
- Completed reload, in  0.951 seconds
Platform modules already initialized, skipping
Shader 'Universal Render Pipeline/Particles/Lit': fallback shader 'Universal Render Pipeline/Particles/SimpleLit' not found
Refreshing native plugins compatible for Editor in 0.65 ms, found 3 plugins.
Preloading 0 native plugins for Editor in 0.00 ms.
Unloading 3136 Unused Serialized files (Serialized files now loaded: 0)
System memory in use before: 141.1 MB.
System memory in use after: 141.3 MB.

Unloading 18 unused Assets to reduce memory usage. Loaded Objects now: 4035.
Total: 3.012600 ms (FindLiveObjects: 0.323300 ms CreateObjectMapping: 0.072500 ms MarkObjects: 2.591600 ms  DeleteObjects: 0.023700 ms)

========================================================================
Received Import Request.
  Time since last request: 13.014586 seconds.
  path: Assets/Prefabs/DataNode.prefab
  artifactKey: Guid(4b687dd228e90254eb49338009bfcb68) Importer(815301076,1909f56bfc062723c751e8b465ee728b)
Start importing Assets/Prefabs/DataNode.prefab using Guid(4b687dd228e90254eb49338009bfcb68) Importer(815301076,1909f56bfc062723c751e8b465ee728b)  -> (artifact id: '0fa9300266f08bb5818f19e48c26f0e8') in 0.174767 seconds
  Import took 0.181581 seconds .

========================================================================
Received Prepare
Registering precompiled user dll's ...
Registered in 0.004844 seconds.
Begin MonoManager ReloadAssembly
Native extension for WindowsStandalone target not found
Refreshing native plugins compatible for Editor in 0.68 ms, found 3 plugins.
Preloading 0 native plugins for Editor in 0.00 ms.
Mono: successfully reloaded assembly
- Completed reload, in  0.986 seconds
Platform modules already initialized, skipping
Shader 'Universal Render Pipeline/Particles/Lit': fallback shader 'Universal Render Pipeline/Particles/SimpleLit' not found
Refreshing native plugins compatible for Editor in 0.64 ms, found 3 plugins.
Preloading 0 native plugins for Editor in 0.00 ms.
Unloading 3136 Unused Serialized files (Serialized files now loaded: 0)
System memory in use before: 141.2 MB.
System memory in use after: 141.4 MB.

Unloading 18 unused Assets to reduce memory usage. Loaded Objects now: 4074.
Total: 3.067200 ms (FindLiveObjects: 0.398100 ms CreateObjectMapping: 0.202200 ms MarkObjects: 2.445100 ms  DeleteObjects: 0.020600 ms)

========================================================================
Received Prepare
Registering precompiled user dll's ...
Registered in 0.004491 seconds.
Begin MonoManager ReloadAssembly
Native extension for WindowsStandalone target not found
Refreshing native plugins compatible for Editor in 0.60 ms, found 3 plugins.
Preloading 0 native plugins for Editor in 0.00 ms.
Mono: successfully reloaded assembly
- Completed reload, in  0.932 seconds
Platform modules already initialized, skipping
Shader 'Universal Render Pipeline/Particles/Lit': fallback shader 'Universal Render Pipeline/Particles/SimpleLit' not found
Refreshing native plugins compatible for Editor in 0.67 ms, found 3 plugins.
Preloading 0 native plugins for Editor in 0.00 ms.
Unloading 3136 Unused Serialized files (Serialized files now loaded: 0)
System memory in use before: 141.2 MB.
System memory in use after: 141.4 MB.

Unloading 18 unused Assets to reduce memory usage. Loaded Objects now: 4077.
Total: 2.623300 ms (FindLiveObjects: 0.330500 ms CreateObjectMapping: 0.095600 ms MarkObjects: 2.169600 ms  DeleteObjects: 0.026100 ms)

========================================================================
Received Prepare
Registering precompiled user dll's ...
Registered in 0.004273 seconds.
Begin MonoManager ReloadAssembly
Native extension for WindowsStandalone target not found
Refreshing native plugins compatible for Editor in 0.59 ms, found 3 plugins.
Preloading 0 native plugins for Editor in 0.00 ms.
Mono: successfully reloaded assembly
- Completed reload, in  0.917 seconds
Platform modules already initialized, skipping
Shader 'Universal Render Pipeline/Particles/Lit': fallback shader 'Universal Render Pipeline/Particles/SimpleLit' not found
Refreshing native plugins compatible for Editor in 0.62 ms, found 3 plugins.
Preloading 0 native plugins for Editor in 0.00 ms.
Unloading 3136 Unused Serialized files (Serialized files now loaded: 0)
System memory in use before: 141.2 MB.
System memory in use after: 141.4 MB.

Unloading 18 unused Assets to reduce memory usage. Loaded Objects now: 4080.
Total: 2.745300 ms (FindLiveObjects: 0.301200 ms CreateObjectMapping: 0.073000 ms MarkObjects: 2.340000 ms  DeleteObjects: 0.029700 ms)

========================================================================
Received Import Request.
  Time since last request: 166.273573 seconds.
  path: Assets/Prefabs/DataNode.prefab
  artifactKey: Guid(4b687dd228e90254eb49338009bfcb68) Importer(815301076,1909f56bfc062723c751e8b465ee728b)
Start importing Assets/Prefabs/DataNode.prefab using Guid(4b687dd228e90254eb49338009bfcb68) Importer(815301076,1909f56bfc062723c751e8b465ee728b)  -> (artifact id: '6aa3eb3b6693968bce35d42095e73b15') in 0.171573 seconds
  Import took 0.177710 seconds .

========================================================================
Received Import Request.
  Time since last request: 0.309158 seconds.
  path: Assets/Prefabs/DataNode.prefab
  artifactKey: Guid(4b687dd228e90254eb49338009bfcb68) Importer(815301076,1909f56bfc062723c751e8b465ee728b)
Start importing Assets/Prefabs/DataNode.prefab using Guid(4b687dd228e90254eb49338009bfcb68) Importer(815301076,1909f56bfc062723c751e8b465ee728b)  -> (artifact id: '6aa3eb3b6693968bce35d42095e73b15') in 0.033468 seconds
  Import took 0.039346 seconds .

========================================================================
Received Prepare
Registering precompiled user dll's ...
Registered in 0.004246 seconds.
Begin MonoManager ReloadAssembly
Native extension for WindowsStandalone target not found
Refreshing native plugins compatible for Editor in 0.59 ms, found 3 plugins.
Preloading 0 native plugins for Editor in 0.00 ms.
Mono: successfully reloaded assembly
- Completed reload, in  0.922 seconds
Platform modules already initialized, skipping
Shader 'Universal Render Pipeline/Particles/Lit': fallback shader 'Universal Render Pipeline/Particles/SimpleLit' not found
Refreshing native plugins compatible for Editor in 0.61 ms, found 3 plugins.
Preloading 0 native plugins for Editor in 0.00 ms.
Unloading 3136 Unused Serialized files (Serialized files now loaded: 0)
System memory in use before: 141.3 MB.
System memory in use after: 141.6 MB.

Unloading 18 unused Assets to reduce memory usage. Loaded Objects now: 4119.
Total: 2.691500 ms (FindLiveObjects: 0.323700 ms CreateObjectMapping: 0.073300 ms MarkObjects: 2.276500 ms  DeleteObjects: 0.017100 ms)

========================================================================
Received Prepare
Registering precompiled user dll's ...
Registered in 0.004248 seconds.
Begin MonoManager ReloadAssembly
Native extension for WindowsStandalone target not found
Refreshing native plugins compatible for Editor in 0.59 ms, found 3 plugins.
Preloading 0 native plugins for Editor in 0.00 ms.
Mono: successfully reloaded assembly
- Completed reload, in  0.929 seconds
Platform modules already initialized, skipping
Shader 'Universal Render Pipeline/Particles/Lit': fallback shader 'Universal Render Pipeline/Particles/SimpleLit' not found
Refreshing native plugins compatible for Editor in 0.59 ms, found 3 plugins.
Preloading 0 native plugins for Editor in 0.00 ms.
Unloading 3136 Unused Serialized files (Serialized files now loaded: 0)
System memory in use before: 141.3 MB.
System memory in use after: 141.6 MB.

Unloading 18 unused Assets to reduce memory usage. Loaded Objects now: 4122.
Total: 2.815600 ms (FindLiveObjects: 0.309500 ms CreateObjectMapping: 0.072200 ms MarkObjects: 2.408900 ms  DeleteObjects: 0.024100 ms)

